<?xml version="1.0" encoding="UTF-8"?>
<!-- Generated by org.testng.reporters.JUnitReportReporter -->
<testsuite hostname="Rogers-iMac.local" failures="0" tests="2" name="phptravels.Login" time="8.540" errors="0" timestamp="2022-02-27T19:57:41 EST" skipped="0">
  <testcase classname="phptravels.Login" name="openurl" time="2.412"/>
  <system-out/>
  <testcase classname="phptravels.Login" name="EnterCredentials" time="6.128"/>
  <system-out/>
</testsuite> <!-- phptravels.Login -->
